<?xml version="1.0" encoding="UTF-8"?>
<!-- Generated by org.testng.reporters.JUnitReportReporter -->
<testsuite hostname="DESKTOP-PIBVH9V" failures="0" tests="3" name="com.test.irctctestcase.ChildClass" time="69.797" errors="0" timestamp="2022-04-25T18:14:19 IST" skipped="0">
  <testcase classname="com.test.irctctestcase.ChildClass" name="openPage" time="3.472"/>
  <system-out/>
  <testcase classname="com.test.irctctestcase.ChildClass" name="windowHandling" time="54.463"/>
  <system-out/>
  <testcase classname="com.test.irctctestcase.ChildClass" name="findTrain" time="11.862"/>
  <system-out/>
</testsuite> <!-- com.test.irctctestcase.ChildClass -->
