<?xml version="1.0" encoding="UTF-8"?>
<!-- Generated by org.testng.reporters.JUnitReportReporter -->
<testsuite hostname="DESKTOP-PIBVH9V" failures="0" tests="3" name="Irctc.ChildClass" time="17.401" errors="0" timestamp="2022-04-20T18:26:06 IST" skipped="0">
  <testcase classname="Irctc.ChildClass" name="openPage" time="3.481"/>
  <system-out/>
  <testcase classname="Irctc.ChildClass" name="windowHandling" time="10.126"/>
  <system-out/>
  <testcase classname="Irctc.ChildClass" name="findTrain" time="3.794"/>
  <system-out/>
</testsuite> <!-- Irctc.ChildClass -->
